{"numTotalTestSuites":804,"numPassedTestSuites":804,"numFailedTestSuites":0,"numPendingTestSuites":0,"numTotalTests":2125,"numPassedTests":2125,"numFailedTests":0,"numPendingTests":0,"numTodoTests":0,"snapshot":{"added":0,"failure":false,"filesAdded":0,"filesRemoved":0,"filesRemovedList":[],"filesUnmatched":0,"filesUpdated":0,"matched":0,"total":0,"unchecked":0,"uncheckedKeysByFile":[],"unmatched":0,"updated":0,"didUpdate":false},"startTime":1783434019784,"success":true,"testResults":[{"assertionResults":[{"ancestorTitles":["API skeleton"],"fullName":"API skeleton returns health status","status":"passed","title":"returns health status","duration":12.4457910000001,"failureMessages":[],"meta":{},"tags":[]},{"ancestorTitles":["API skeleton"],"fullName":"API skeleton returns readiness status when postgres and redis are available","status":"passed","title":"returns readiness status when postgres and redis are available","duration":16.44570900000008,"failureMessages":[],"meta":{},"tags":[]},{"ancestorTitles":["API skeleton"],"fullName":"API skeleton returns version metadata","status":"passed","title":"returns version metadata","duration":1.474250000000211,"failureMessages":[],"meta":{},"tags":[]},{"ancestorTitles":["API skeleton"],"fullName":"API skeleton returns auth capabilities from shared schemas","status":"passed","title":"returns auth capabilities from shared schemas","duration":1.3943340000000717,"failureMessages":[],"meta":{},"tags":[]},{"ancestorTitles":["API skeleton"],"fullName":"API skeleton creates a signed auth session for workspace members","status":"passed","title":"creates a signed auth session for workspace members","duration":2.803875000000062,"failureMessages":[],"meta":{},"tags":[]},{"ancestorTitles":["API skeleton"],"fullName":"API skeleton returns run capabilities from shared schemas","status":"passed","title":"returns run capabilities from shared schemas","duration":2.823333000000275,"failureMessages":[],"meta":{},"tags":[]},{"ancestorTitles":["API skeleton"],"fullName":"API skeleton returns Temporal runtime health when Temporal is disabled by default","status":"passed","title":"returns Temporal runtime health when Temporal is disabled by default","duration":9.43020800000022,"failureMessages":[],"meta":{},"tags":[]},{"ancestorTitles":["API skeleton"],"fullName":"API skeleton exposes model registry health recovery and audit events","status":"passed","title":"exposes model registry health recovery and audit events","duration":6.797917000000325,"failureMessages":[],"meta":{},"tags":[]},{"ancestorTitles":["API skeleton"],"fullName":"API skeleton manages workspace provider credentials without returning raw keys","status":"passed","title":"manages workspace provider credentials without returning raw keys","duration":7.73929199999975,"failureMessages":[],"meta":{},"tags":[]},{"ancestorTitles":["API skeleton"],"fullName":"API skeleton creates a draft run with prompt-driven triage","status":"passed","title":"creates a draft run with prompt-driven triage","duration":3.6011250000001382,"failureMessages":[],"meta":{},"tags":[]},{"ancestorTitles":["API skeleton"],"fullName":"API skeleton returns the existing draft run for duplicate idempotency keys","status":"passed","title":"returns the existing draft run for duplicate idempotency keys","duration":1.9905840000001263,"failureMessages":[],"meta":{},"tags":[]},{"ancestorTitles":["API skeleton"],"fullName":"API skeleton surfaces Shield findings for risky input spans","status":"passed","title":"surfaces Shield findings for risky input spans","duration":2.1287499999998545,"failureMessages":[],"meta":{},"tags":[]},{"ancestorTitles":["API skeleton"],"fullName":"API skeleton blocks critical Shield threats before draft execution","status":"passed","title":"blocks critical Shield threats before draft execution","duration":1.3492909999999938,"failureMessages":[],"meta":{},"tags":[]},{"ancestorTitles":["API skeleton"],"fullName":"API skeleton keeps low-risk Shield review cases quiet","status":"passed","title":"keeps low-risk Shield review cases quiet","duration":1.034541999999874,"failureMessages":[],"meta":{},"tags":[]},{"ancestorTitles":["API skeleton"],"fullName":"API skeleton tracks Shield false-positive review summary","status":"passed","title":"tracks Shield false-positive review summary","duration":0.8458749999999782,"failureMessages":[],"meta":{},"tags":[]},{"ancestorTitles":["API skeleton"],"fullName":"API skeleton rejects invalid draft run requests","status":"passed","title":"rejects invalid draft run requests","duration":0.9490829999999733,"failureMessages":[],"meta":{},"tags":[]},{"ancestorTitles":["API skeleton"],"fullName":"API skeleton executes the prompt-driven planning pipeline","status":"passed","title":"executes the prompt-driven planning pipeline","duration":10.196582999999919,"failureMessages":[],"meta":{},"tags":[]},{"ancestorTitles":["API skeleton"],"fullName":"API skeleton exposes Temporal workflow endpoints behind explicit enablement","status":"passed","title":"exposes Temporal workflow endpoints behind explicit enablement","duration":3.9791660000000775,"failureMessages":[],"meta":{},"tags":[]},{"ancestorTitles":["API skeleton"],"fullName":"API skeleton streams pipeline status and final artifacts","status":"passed","title":"streams pipeline status and final artifacts","duration":4.843917000000147,"failureMessages":[],"meta":{},"tags":[]},{"ancestorTitles":["API skeleton"],"fullName":"API skeleton blocks Market Research Agent for free workspaces","status":"passed","title":"blocks Market Research Agent for free workspaces","duration":1.953291000000263,"failureMessages":[],"meta":{},"tags":[]},{"ancestorTitles":["API skeleton"],"fullName":"API skeleton runs paid Market Research Agent with sanitized citations","status":"passed","title":"runs paid Market Research Agent with sanitized citations","duration":2.7319159999997282,"failureMessages":[],"meta":{},"tags":[]},{"ancestorTitles":["API skeleton"],"fullName":"API skeleton requires workspace auth headers for run mutations","status":"passed","title":"requires workspace auth headers for run mutations","duration":0.7734580000001188,"failureMessages":[],"meta":{},"tags":[]},{"ancestorTitles":["API skeleton"],"fullName":"API skeleton rejects workspace header mismatches","status":"passed","title":"rejects workspace header mismatches","duration":0.600832999999966,"failureMessages":[],"meta":{},"tags":[]},{"ancestorTitles":["API skeleton"],"fullName":"API skeleton rejects users without workspace membership","status":"passed","title":"rejects users without workspace membership","duration":0.6415419999998448,"failureMessages":[],"meta":{},"tags":[]},{"ancestorTitles":["API skeleton"],"fullName":"API skeleton blocks execution when workspace quota would be exceeded","status":"passed","title":"blocks execution when workspace quota would be exceeded","duration":2.5378749999999854,"failureMessages":[],"meta":{},"tags":[]}],"startTime":1783434046110,"endTime":1783434046211.5378,"status":"passed","message":"","name":"/Users/oleksandrsvacko/Desktop/myProjects/AI War Room (AI Council)/apps/api/src/app.test.ts"},{"assertionResults":[{"ancestorTitles":["AuditAdminService"],"fullName":"AuditAdminService reports audit trail capabilities","status":"passed","title":"reports audit trail capabilities","duration":2.2547910000000684,"failureMessages":[],"meta":{},"tags":[]},{"ancestorTitles":["AuditAdminService"],"fullName":"AuditAdminService returns workspace audit admin summary for owners","status":"passed","title":"returns workspace audit admin summary for owners","duration":1.603125000000091,"failureMessages":[],"meta":{},"tags":[]},{"ancestorTitles":["AuditAdminService"],"fullName":"AuditAdminService rejects audit admin tools for members","status":"passed","title":"rejects audit admin tools for members","duration":0.36554100000000744,"failureMessages":[],"meta":{},"tags":[]}],"startTime":1783434059845,"endTime":1783434059849.603,"status":"passed","message":"","name":"/Users/oleksandrsvacko/Desktop/myProjects/AI War Room (AI Council)/apps/api/src/audit/audit-admin.service.test.ts"},{"assertionResults":[{"ancestorTitles":["audit trail admin helpers"],"fullName":"audit trail admin helpers builds audit trail admin records and stats","status":"passed","title":"builds audit trail admin records and stats","duration":1.5082919999999973,"failureMessages":[],"meta":{},"tags":[]},{"ancestorTitles":["audit trail admin helpers"],"fullName":"audit trail admin helpers returns guidance and actions","status":"passed","title":"returns guidance and actions","duration":0.2092090000000013,"failureMessages":[],"meta":{},"tags":[]}],"startTime":1783434080716,"endTime":1783434080718.2092,"status":"passed","message":"","name":"/Users/oleksandrsvacko/Desktop/myProjects/AI War Room (AI Council)/apps/api/src/audit/audit-trail-admin.helpers.test.ts"},{"assertionResults":[{"ancestorTitles":["evaluateAuditTrailRollout"],"fullName":"evaluateAuditTrailRollout passes in test mode with incomplete audit coverage","status":"passed","title":"passes in test mode with incomplete audit coverage","duration":0.7987499999999983,"failureMessages":[],"meta":{},"tags":[]},{"ancestorTitles":["evaluateAuditTrailRollout"],"fullName":"evaluateAuditTrailRollout fails in production with incomplete audit table coverage","status":"passed","title":"fails in production with incomplete audit table coverage","duration":0.08883300000000816,"failureMessages":[],"meta":{},"tags":[]},{"ancestorTitles":["evaluateAuditTrailRollout"],"fullName":"evaluateAuditTrailRollout fails when workspace audit export is unavailable","status":"passed","title":"fails when workspace audit export is unavailable","duration":0.07529200000000458,"failureMessages":[],"meta":{},"tags":[]}],"startTime":1783434087768,"endTime":1783434087769.0889,"status":"passed","message":"","name":"/Users/oleksandrsvacko/Desktop/myProjects/AI War Room (AI Council)/apps/api/src/audit/audit-trail-rollout.helpers.test.ts"},{"assertionResults":[{"ancestorTitles":["evaluateAuthRollout"],"fullName":"evaluateAuthRollout passes production external jwks rollout checks","status":"passed","title":"passes production external jwks rollout checks","duration":0.8468749999999972,"failureMessages":[],"meta":{},"tags":[]},{"ancestorTitles":["evaluateAuthRollout"],"fullName":"evaluateAuthRollout fails production rollout when header auth is configured","status":"passed","title":"fails production rollout when header auth is configured","duration":0.41091699999999776,"failureMessages":[],"meta":{},"tags":[]},{"ancestorTitles":["evaluateAuthRollout"],"fullName":"evaluateAuthRollout fails production rollout when external mock adapter is configured","status":"passed","title":"fails production rollout when external mock adapter is configured","duration":0.1367919999999998,"failureMessages":[],"meta":{},"tags":[]}],"startTime":1783434083768,"endTime":1783434083769.411,"status":"passed","message":"","name":"/Users/oleksandrsvacko/Desktop/myProjects/AI War Room (AI Council)/apps/api/src/auth/auth-rollout.helpers.test.ts"},{"assertionResults":[{"ancestorTitles":["auth session crypto"],"fullName":"auth session crypto creates and verifies signed session tokens","status":"passed","title":"creates and verifies signed session tokens","duration":2.3369579999999814,"failureMessages":[],"meta":{},"tags":[]},{"ancestorTitles":["auth session crypto"],"fullName":"auth session crypto rejects expired session tokens","status":"passed","title":"rejects expired session tokens","duration":0.5839589999999362,"failureMessages":[],"meta":{},"tags":[]},{"ancestorTitles":["auth session crypto"],"fullName":"auth session crypto builds session responses with expiry metadata","status":"passed","title":"builds session responses with expiry metadata","duration":0.6443749999999682,"failureMessages":[],"meta":{},"tags":[]}],"startTime":1783434068274,"endTime":1783434068277.6443,"status":"passed","message":"","name":"/Users/oleksandrsvacko/Desktop/myProjects/AI War Room (AI Council)/apps/api/src/auth/auth-session.crypto.test.ts"},{"assertionResults":[{"ancestorTitles":["AuthService"],"fullName":"AuthService reports header auth capabilities by default","status":"passed","title":"reports header auth capabilities by default","duration":2.4845000000000255,"failureMessages":[],"meta":{},"tags":[]},{"ancestorTitles":["AuthService"],"fullName":"AuthService reports external auth capabilities when configured","status":"passed","title":"reports external auth capabilities when configured","duration":0.2427500000000009,"failureMessages":[],"meta":{},"tags":[]},{"ancestorTitles":["AuthService"],"fullName":"AuthService accepts requests in header auth mode without bearer tokens","status":"passed","title":"accepts requests in header auth mode without bearer tokens","duration":0.48566600000003746,"failureMessages":[],"meta":{},"tags":[]},{"ancestorTitles":["AuthService"],"fullName":"AuthService requires a valid bearer token in bearer auth mode","status":"passed","title":"requires a valid bearer token in bearer auth mode","duration":0.5175419999999349,"failureMessages":[],"meta":{},"tags":[]},{"ancestorTitles":["AuthService"],"fullName":"AuthService stores verified session claims in session auth mode","status":"passed","title":"stores verified session claims in session auth mode","duration":1.3802080000000387,"failureMessages":[],"meta":{},"tags":[]},{"ancestorTitles":["AuthService"],"fullName":"AuthService stores verified external identities in external auth mode","status":"passed","title":"stores verified external identities in external auth mode","duration":0.20708300000001145,"failureMessages":[],"meta":{},"tags":[]},{"ancestorTitles":["AuthService"],"fullName":"AuthService creates signed session responses","status":"passed","title":"creates signed session responses","duration":0.4690419999999449,"failureMessages":[],"meta":{},"tags":[]},{"ancestorTitles":["AuthService"],"fullName":"AuthService requires bootstrap bearer tokens in production bearer mode","status":"passed","title":"requires bootstrap bearer tokens in production bearer mode","duration":0.8522910000000365,"failureMessages":[],"meta":{},"tags":[]},{"ancestorTitles":["AuthService"],"fullName":"AuthService reports auth rollout readiness for development header auth","status":"passed","title":"reports auth rollout readiness for development header auth","duration":1.2630000000000337,"failureMessages":[],"meta":{},"tags":[]}],"startTime":1783434051840,"endTime":1783434051847.263,"status":"passed","message":"","name":"/Users/oleksandrsvacko/Desktop/myProjects/AI War Room (AI Council)/apps/api/src/auth/auth.service.test.ts"},{"assertionResults":[{"ancestorTitles":["external auth adapter"],"fullName":"external auth adapter verifies mock clerk tokens and maps workspace claims","status":"passed","title":"verifies mock clerk tokens and maps workspace claims","duration":9.57695799999999,"failureMessages":[],"meta":{},"tags":[]},{"ancestorTitles":["external auth adapter"],"fullName":"external auth adapter returns vendor-specific capability guidance","status":"passed","title":"returns vendor-specific capability guidance","duration":0.23287500000003547,"failureMessages":[],"meta":{},"tags":[]}],"startTime":1783434055082,"endTime":1783434055092.233,"status":"passed","message":"","name":"/Users/oleksandrsvacko/Desktop/myProjects/AI War Room (AI Council)/apps/api/src/auth/external-auth.adapter.test.ts"},{"assertionResults":[{"ancestorTitles":["external auth integration"],"fullName":"external auth integration reports external auth capabilities","status":"passed","title":"reports external auth capabilities","duration":12.83612499999981,"failureMessages":[],"meta":{},"tags":[]},{"ancestorTitles":["external auth integration"],"fullName":"external auth integration accepts protected requests with external provider tokens","status":"passed","title":"accepts protected requests with external provider tokens","duration":8.426915999999892,"failureMessages":[],"meta":{},"tags":[]},{"ancestorTitles":["external auth integration"],"fullName":"external auth integration provisions external users through the auth provision endpoint","status":"passed","title":"provisions external users through the auth provision endpoint","duration":3.042500000000018,"failureMessages":[],"meta":{},"tags":[]}],"startTime":1783434043625,"endTime":1783434043649.0425,"status":"passed","message":"","name":"/Users/oleksandrsvacko/Desktop/myProjects/AI War Room (AI Council)/apps/api/src/auth/external-auth.integration.test.ts"},{"assertionResults":[{"ancestorTitles":["availability admin helpers"],"fullName":"availability admin helpers builds availability admin records and stats","status":"passed","title":"builds availability admin records and stats","duration":1.5301660000000084,"failureMessages":[],"meta":{},"tags":[]},{"ancestorTitles":["availability admin helpers"],"fullName":"availability admin helpers returns guidance and actions","status":"passed","title":"returns guidance and actions","duration":0.21154199999999435,"failureMessages":[],"meta":{},"tags":[]}],"startTime":1783434080536,"endTime":1783434080538.2114,"status":"passed","message":"","name":"/Users/oleksandrsvacko/Desktop/myProjects/AI War Room (AI Council)/apps/api/src/availability/availability-admin.helpers.test.ts"},{"assertionResults":[{"ancestorTitles":["AvailabilityAdminService"],"fullName":"AvailabilityAdminService reports availability capabilities","status":"passed","title":"reports availability capabilities","duration":2.2008329999999887,"failureMessages":[],"meta":{},"tags":[]},{"ancestorTitles":["AvailabilityAdminService"],"fullName":"AvailabilityAdminService returns workspace availability admin summary for owners","status":"passed","title":"returns workspace availability admin summary for owners","duration":1.5982919999999012,"failureMessages":[],"meta":{},"tags":[]},{"ancestorTitles":["AvailabilityAdminService"],"fullName":"AvailabilityAdminService rejects availability admin tools for members","status":"passed","title":"rejects availability admin tools for members","duration":0.39879099999996015,"failureMessages":[],"meta":{},"tags":[]}],"startTime":1783434067456,"endTime":1783434067460.3987,"status":"passed","message":"","name":"/Users/oleksandrsvacko/Desktop/myProjects/AI War Room (AI Council)/apps/api/src/availability/availability-admin.service.test.ts"},{"assertionResults":[{"ancestorTitles":["evaluateAvailabilityRollout"],"fullName":"evaluateAvailabilityRollout passes in test mode with incomplete availability coverage","status":"passed","title":"passes in test mode with incomplete availability coverage","duration":0.8055829999999986,"failureMessages":[],"meta":{},"tags":[]},{"ancestorTitles":["evaluateAvailabilityRollout"],"fullName":"evaluateAvailabilityRollout fails in production with incomplete availability table coverage","status":"passed","title":"fails in production with incomplete availability table coverage","duration":0.09233400000000813,"failureMessages":[],"meta":{},"tags":[]},{"ancestorTitles":["evaluateAvailabilityRollout"],"fullName":"evaluateAvailabilityRollout fails when dependency uptime is not ready","status":"passed","title":"fails when dependency uptime is not ready","duration":0.0742919999999998,"failureMessages":[],"meta":{},"tags":[]}],"startTime":1783434080627,"endTime":1783434080628.0923,"status":"passed","message":"","name":"/Users/oleksandrsvacko/Desktop/myProjects/AI War Room (AI Council)/apps/api/src/availability/availability-rollout.helpers.test.ts"},{"assertionResults":[{"ancestorTitles":["backup admin helpers"],"fullName":"backup admin helpers builds backup admin records and stats","status":"passed","title":"builds backup admin records and stats","duration":1.4710409999999996,"failureMessages":[],"meta":{},"tags":[]},{"ancestorTitles":["backup admin helpers"],"fullName":"backup admin helpers returns guidance and actions","status":"passed","title":"returns guidance and actions","duration":0.21025000000000205,"failureMessages":[],"meta":{},"tags":[]}],"startTime":1783434081576,"endTime":1783434081577.471,"status":"passed","message":"","name":"/Users/oleksandrsvacko/Desktop/myProjects/AI War Room (AI Council)/apps/api/src/backup/backup-admin.helpers.test.ts"},{"assertionResults":[{"ancestorTitles":["BackupAdminService"],"fullName":"BackupAdminService reports backup capabilities","status":"passed","title":"reports backup capabilities","duration":2.055541999999946,"failureMessages":[],"meta":{},"tags":[]},{"ancestorTitles":["BackupAdminService"],"fullName":"BackupAdminService returns workspace backup admin summary for owners","status":"passed","title":"returns workspace backup admin summary for owners","duration":1.3526659999999993,"failureMessages":[],"meta":{},"tags":[]},{"ancestorTitles":["BackupAdminService"],"fullName":"BackupAdminService rejects backup admin tools for members","status":"passed","title":"rejects backup admin tools for members","duration":0.3418329999999514,"failureMessages":[],"meta":{},"tags":[]}],"startTime":1783434072961,"endTime":1783434072965.3418,"status":"passed","message":"","name":"/Users/oleksandrsvacko/Desktop/myProjects/AI War Room (AI Council)/apps/api/src/backup/backup-admin.service.test.ts"},{"assertionResults":[{"ancestorTitles":["evaluateBackupRollout"],"fullName":"evaluateBackupRollout passes in test mode with incomplete backup coverage","status":"passed","title":"passes in test mode with incomplete backup coverage","duration":0.8284170000000017,"failureMessages":[],"meta":{},"tags":[]},{"ancestorTitles":["evaluateBackupRollout"],"fullName":"evaluateBackupRollout fails in production with incomplete critical table coverage","status":"passed","title":"fails in production with incomplete critical table coverage","duration":0.0952920000000006,"failureMessages":[],"meta":{},"tags":[]},{"ancestorTitles":["evaluateBackupRollout"],"fullName":"evaluateBackupRollout fails in production when redis persistence is unreachable","status":"passed","title":"fails in production when redis persistence is unreachable","duration":0.08899999999999864,"failureMessages":[],"meta":{},"tags":[]}],"startTime":1783434083946,"endTime":1783434083947.0952,"status":"passed","message":"","name":"/Users/oleksandrsvacko/Desktop/myProjects/AI War Room (AI Council)/apps/api/src/backup/backup-rollout.helpers.test.ts"},{"assertionResults":[{"ancestorTitles":["billing admin helpers"],"fullName":"billing admin helpers builds billing admin stats from workspace billing artifacts","status":"passed","title":"builds billing admin stats from workspace billing artifacts","duration":1.0580829999999963,"failureMessages":[],"meta":{},"tags":[]},{"ancestorTitles":["billing admin helpers"],"fullName":"billing admin helpers offers reset mock billing when mock subscription state is active","status":"passed","title":"offers reset mock billing when mock subscription state is active","duration":0.12058399999999381,"failureMessages":[],"meta":{},"tags":[]}],"startTime":1783434083857,"endTime":1783434083858.1206,"status":"passed","message":"","name":"/Users/oleksandrsvacko/Desktop/myProjects/AI War Room (AI Council)/apps/api/src/billing/billing-admin.helpers.test.ts"},{"assertionResults":[{"ancestorTitles":["buildWorkspaceBillingAlerts"],"fullName":"buildWorkspaceBillingAlerts returns no alerts when usage and billing are healthy","status":"passed","title":"returns no alerts when usage and billing are healthy","duration":1.0092910000000046,"failureMessages":[],"meta":{},"tags":[]},{"ancestorTitles":["buildWorkspaceBillingAlerts"],"fullName":"buildWorkspaceBillingAlerts returns warning alerts when usage crosses the threshold","status":"passed","title":"returns warning alerts when usage crosses the threshold","duration":0.26054200000000094,"failureMessages":[],"meta":{},"tags":[]},{"ancestorTitles":["buildWorkspaceBillingAlerts"],"fullName":"buildWorkspaceBillingAlerts returns critical billing status alerts","status":"passed","title":"returns critical billing status alerts","duration":0.11620800000000031,"failureMessages":[],"meta":{},"tags":[]}],"startTime":1783434084123,"endTime":1783434084124.2605,"status":"passed","message":"","name":"/Users/oleksandrsvacko/Desktop/myProjects/AI War Room (AI Council)/apps/api/src/billing/billing-alerts.helpers.test.ts"},{"assertionResults":[{"ancestorTitles":["evaluateBillingRollout"],"fullName":"evaluateBillingRollout returns disabled rollout when billing is off","status":"passed","title":"returns disabled rollout when billing is off","duration":0.8293330000000054,"failureMessages":[],"meta":{},"tags":[]},{"ancestorTitles":["evaluateBillingRollout"],"fullName":"evaluateBillingRollout passes production stripe rollout checks","status":"passed","title":"passes production stripe rollout checks","duration":0.1467919999999907,"failureMessages":[],"meta":{},"tags":[]},{"ancestorTitles":["evaluateBillingRollout"],"fullName":"evaluateBillingRollout fails production rollout when mock adapter is configured","status":"passed","title":"fails production rollout when mock adapter is configured","duration":0.4028339999999986,"failureMessages":[],"meta":{},"tags":[]}],"startTime":1783434083140,"endTime":1783434083141.4028,"status":"passed","message":"","name":"/Users/oleksandrsvacko/Desktop/myProjects/AI War Room (AI Council)/apps/api/src/billing/billing-rollout.helpers.test.ts"},{"assertionResults":[{"ancestorTitles":["billing integration"],"fullName":"billing integration reports billing capabilities","status":"passed","title":"reports billing capabilities","duration":18.224749999999858,"failureMessages":[],"meta":{},"tags":[]},{"ancestorTitles":["billing integration"],"fullName":"billing integration reports billing rollout readiness for mock billing","status":"passed","title":"reports billing rollout readiness for mock billing","duration":2.5558340000002318,"failureMessages":[],"meta":{},"tags":[]},{"ancestorTitles":["billing integration"],"fullName":"billing integration returns workspace billing status for members","status":"passed","title":"returns workspace billing status for members","duration":1.9891669999997248,"failureMessages":[],"meta":{},"tags":[]},{"ancestorTitles":["billing integration"],"fullName":"billing integration creates checkout sessions and completes mock billing","status":"passed","title":"creates checkout sessions and completes mock billing","duration":5.476709000000028,"failureMessages":[],"meta":{},"tags":[]},{"ancestorTitles":["billing integration"],"fullName":"billing integration opens mock customer portal sessions and cancels subscriptions","status":"passed","title":"opens mock customer portal sessions and cancels subscriptions","duration":5.556290999999874,"failureMessages":[],"meta":{},"tags":[]},{"ancestorTitles":["billing integration"],"fullName":"billing integration records webhook events idempotently and exposes workspace audit history","status":"passed","title":"records webhook events idempotently and exposes workspace audit history","duration":3.1282920000003287,"failureMessages":[],"meta":{},"tags":[]},{"ancestorTitles":["billing integration"],"fullName":"billing integration records invoice history for checkout and lists workspace invoices","status":"passed","title":"records invoice history for checkout and lists workspace invoices","duration":2.6920000000000073,"failureMessages":[],"meta":{},"tags":[]},{"ancestorTitles":["billing integration"],"fullName":"billing integration returns workspace daily usage summary for members","status":"passed","title":"returns workspace daily usage summary for members","duration":2.056040999999823,"failureMessages":[],"meta":{},"tags":[]},{"ancestorTitles":["billing integration"],"fullName":"billing integration exports workspace invoice history as csv and json attachments","status":"passed","title":"exports workspace invoice history as csv and json attachments","duration":3.3042500000001382,"failureMessages":[],"meta":{},"tags":[]},{"ancestorTitles":["billing integration"],"fullName":"billing integration returns workspace billing alerts for members","status":"passed","title":"returns workspace billing alerts for members","duration":2.8201669999998558,"failureMessages":[],"meta":{},"tags":[]},{"ancestorTitles":["billing integration"],"fullName":"billing integration reports and lists metered token usage for paid workspaces","status":"passed","title":"reports and lists metered token usage for paid workspaces","duration":3.6320409999998446,"failureMessages":[],"meta":{},"tags":[]},{"ancestorTitles":["billing integration"],"fullName":"billing integration delivers and lists billing notifications for past due subscriptions","status":"passed","title":"delivers and lists billing notifications for past due subscriptions","duration":2.388792000000194,"failureMessages":[],"meta":{},"tags":[]},{"ancestorTitles":["billing integration"],"fullName":"billing integration returns billing admin summary for workspace owners","status":"passed","title":"returns billing admin summary for workspace owners","duration":1.3837499999999636,"failureMessages":[],"meta":{},"tags":[]},{"ancestorTitles":["billing integration"],"fullName":"billing integration rejects billing admin tools for workspace members","status":"passed","title":"rejects billing admin tools for workspace members","duration":0.81899999999996,"failureMessages":[],"meta":{},"tags":[]},{"ancestorTitles":["billing integration"],"fullName":"billing integration resets mock billing through admin action","status":"passed","title":"resets mock billing through admin action","duration":3.2761249999998654,"failureMessages":[],"meta":{},"tags":[]}],"startTime":1783434041005,"endTime":1783434041065.2761,"status":"passed","message":"","name":"/Users/oleksandrsvacko/Desktop/myProjects/AI War Room (AI Council)/apps/api/src/billing/billing.integration.test.ts"},{"assertionResults":[{"ancestorTitles":["BillingService"],"fullName":"BillingService reports disabled billing capabilities by default","status":"passed","title":"reports disabled billing capabilities by default","duration":2.6321249999999736,"failureMessages":[],"meta":{},"tags":[]},{"ancestorTitles":["BillingService"],"fullName":"BillingService reports billing rollout readiness for mock development","status":"passed","title":"reports billing rollout readiness for mock development","duration":1.1237089999999625,"failureMessages":[],"meta":{},"tags":[]},{"ancestorTitles":["BillingService"],"fullName":"BillingService returns workspace daily usage summary against tier limits","status":"passed","title":"returns workspace daily usage summary against tier limits","duration":0.8607500000000528,"failureMessages":[],"meta":{},"tags":[]},{"ancestorTitles":["BillingService"],"fullName":"BillingService reports metered token usage after paid checkout","status":"passed","title":"reports metered token usage after paid checkout","duration":1.5637090000000171,"failureMessages":[],"meta":{},"tags":[]},{"ancestorTitles":["BillingService"],"fullName":"BillingService delivers billing notifications for past due subscriptions","status":"passed","title":"delivers billing notifications for past due subscriptions","duration":1.4384170000000722,"failureMessages":[],"meta":{},"tags":[]},{"ancestorTitles":["BillingService"],"fullName":"BillingService returns billing alerts for past due subscriptions","status":"passed","title":"returns billing alerts for past due subscriptions","duration":0.6720419999999194,"failureMessages":[],"meta":{},"tags":[]},{"ancestorTitles":["BillingService"],"fullName":"BillingService creates mock customer portal sessions after checkout","status":"passed","title":"creates mock customer portal sessions after checkout","duration":0.9114169999999149,"failureMessages":[],"meta":{},"tags":[]},{"ancestorTitles":["BillingService"],"fullName":"BillingService creates mock checkout sessions and completes them","status":"passed","title":"creates mock checkout sessions and completes them","duration":0.19562500000006366,"failureMessages":[],"meta":{},"tags":[]},{"ancestorTitles":["BillingService"],"fullName":"BillingService handles mock webhook checkout completion with idempotency","status":"passed","title":"handles mock webhook checkout completion with idempotency","duration":1.2926670000000513,"failureMessages":[],"meta":{},"tags":[]},{"ancestorTitles":["BillingService"],"fullName":"BillingService records failed invoice history from payment.failed webhooks","status":"passed","title":"records failed invoice history from payment.failed webhooks","duration":0.87337500000001,"failureMessages":[],"meta":{},"tags":[]},{"ancestorTitles":["BillingService"],"fullName":"BillingService exports workspace invoice history as csv and json","status":"passed","title":"exports workspace invoice history as csv and json","duration":0.4356670000000804,"failureMessages":[],"meta":{},"tags":[]},{"ancestorTitles":["BillingService"],"fullName":"BillingService marks unsupported mock webhook events as ignored","status":"passed","title":"marks unsupported mock webhook events as ignored","duration":0.15908300000000963,"failureMessages":[],"meta":{},"tags":[]},{"ancestorTitles":["BillingService"],"fullName":"BillingService returns billing admin summary for workspace owners","status":"passed","title":"returns billing admin summary for workspace owners","duration":0.739582999999925,"failureMessages":[],"meta":{},"tags":[]},{"ancestorTitles":["BillingService"],"fullName":"BillingService rejects billing admin tools for workspace members","status":"passed","title":"rejects billing admin tools for workspace members","duration":0.5012920000000349,"failureMessages":[],"meta":{},"tags":[]},{"ancestorTitles":["BillingService"],"fullName":"BillingService resets mock billing through admin action","status":"passed","title":"resets mock billing through admin action","duration":0.3321250000000191,"failureMessages":[],"meta":{},"tags":[]}],"startTime":1783434050455,"endTime":1783434050468.5012,"status":"passed","message":"","name":"/Users/oleksandrsvacko/Desktop/myProjects/AI War Room (AI Council)/apps/api/src/billing/billing.service.test.ts"},{"assertionResults":[{"ancestorTitles":["capacity admin helpers"],"fullName":"capacity admin helpers builds capacity admin records and stats","status":"passed","title":"builds capacity admin records and stats","duration":1.5155829999999924,"failureMessages":[],"meta":{},"tags":[]},{"ancestorTitles":["capacity admin helpers"],"fullName":"capacity admin helpers returns guidance and actions","status":"passed","title":"returns guidance and actions","duration":0.209541999999999,"failureMessages":[],"meta":{},"tags":[]}],"startTime":1783434081219,"endTime":1783434081221.2095,"status":"passed","message":"","name":"/Users/oleksandrsvacko/Desktop/myProjects/AI War Room (AI Council)/apps/api/src/capacity/capacity-admin.helpers.test.ts"},{"assertionResults":[{"ancestorTitles":["CapacityAdminService"],"fullName":"CapacityAdminService reports capacity capabilities","status":"passed","title":"reports capacity capabilities","duration":2.01304099999993,"failureMessages":[],"meta":{},"tags":[]},{"ancestorTitles":["CapacityAdminService"],"fullName":"CapacityAdminService returns workspace capacity admin summary for owners","status":"passed","title":"returns workspace capacity admin summary for owners","duration":1.5351249999999936,"failureMessages":[],"meta":{},"tags":[]},{"ancestorTitles":["CapacityAdminService"],"fullName":"CapacityAdminService rejects capacity admin tools for members","status":"passed","title":"rejects capacity admin tools for members","duration":0.3338340000000244,"failureMessages":[],"meta":{},"tags":[]}],"startTime":1783434071444,"endTime":1783434071448.3337,"status":"passed","message":"","name":"/Users/oleksandrsvacko/Desktop/myProjects/AI War Room (AI Council)/apps/api/src/capacity/capacity-admin.service.test.ts"},{"assertionResults":[{"ancestorTitles":["evaluateCapacityRollout"],"fullName":"evaluateCapacityRollout passes in test mode with incomplete capacity coverage","status":"passed","title":"passes in test mode with incomplete capacity coverage","duration":0.7939169999999933,"failureMessages":[],"meta":{},"tags":[]},{"ancestorTitles":["evaluateCapacityRollout"],"fullName":"evaluateCapacityRollout fails in production with incomplete capacity table coverage","status":"passed","title":"fails in production with incomplete capacity table coverage","duration":0.08933299999999633,"failureMessages":[],"meta":{},"tags":[]},{"ancestorTitles":["evaluateCapacityRollout"],"fullName":"evaluateCapacityRollout fails when stream buffer capacity is too small","status":"passed","title":"fails when stream buffer capacity is too small","duration":0.07750000000000057,"failureMessages":[],"meta":{},"tags":[]}],"startTime":1783434088736,"endTime":1783434088737.0894,"status":"passed","message":"","name":"/Users/oleksandrsvacko/Desktop/myProjects/AI War Room (AI Council)/apps/api/src/capacity/capacity-rollout.helpers.test.ts"},{"assertionResults":[{"ancestorTitles":["compliance admin helpers"],"fullName":"compliance admin helpers builds compliance admin records and stats","status":"passed","title":"builds compliance admin records and stats","duration":1.488500000000002,"failureMessages":[],"meta":{},"tags":[]},{"ancestorTitles":["compliance admin helpers"],"fullName":"compliance admin helpers returns guidance and actions","status":"passed","title":"returns guidance and actions","duration":0.2040410000000037,"failureMessages":[],"meta":{},"tags":[]}],"startTime":1783434080357,"endTime":1783434080359.204,"status":"passed","message":"","name":"/Users/oleksandrsvacko/Desktop/myProjects/AI War Room (AI Council)/apps/api/src/compliance/compliance-admin.helpers.test.ts"},{"assertionResults":[{"ancestorTitles":["ComplianceAdminService"],"fullName":"ComplianceAdminService reports compliance capabilities","status":"passed","title":"reports compliance capabilities","duration":2.060375000000022,"failureMessages":[],"meta":{},"tags":[]},{"ancestorTitles":["ComplianceAdminService"],"fullName":"ComplianceAdminService returns workspace compliance admin summary for owners","status":"passed","title":"returns workspace compliance admin summary for owners","duration":1.5339170000000877,"failureMessages":[],"meta":{},"tags":[]},{"ancestorTitles":["ComplianceAdminService"],"fullName":"ComplianceAdminService rejects compliance admin tools for members","status":"passed","title":"rejects compliance admin tools for members","duration":0.3521250000000009,"failureMessages":[],"meta":{},"tags":[]}],"startTime":1783434074511,"endTime":1783434074515.352,"status":"passed","message":"","name":"/Users/oleksandrsvacko/Desktop/myProjects/AI War Room (AI Council)/apps/api/src/compliance/compliance-admin.service.test.ts"},{"assertionResults":[{"ancestorTitles":["evaluateComplianceRollout"],"fullName":"evaluateComplianceRollout passes in test mode with incomplete policy coverage","status":"passed","title":"passes in test mode with incomplete policy coverage","duration":0.9388750000000528,"failureMessages":[],"meta":{},"tags":[]},{"ancestorTitles":["evaluateComplianceRollout"],"fullName":"evaluateComplianceRollout fails in production with incomplete policy table coverage","status":"passed","title":"fails in production with incomplete policy table coverage","duration":0.10637499999995725,"failureMessages":[],"meta":{},"tags":[]},{"ancestorTitles":["evaluateComplianceRollout"],"fullName":"evaluateComplianceRollout fails in production when encryption key is not configured","status":"passed","title":"fails in production when encryption key is not configured","duration":0.09749999999996817,"failureMessages":[],"meta":{},"tags":[]}],"startTime":1783434080173,"endTime":1783434080174.1064,"status":"passed","message":"","name":"/Users/oleksandrsvacko/Desktop/myProjects/AI War Room (AI Council)/apps/api/src/compliance/compliance-rollout.helpers.test.ts"},{"assertionResults":[{"ancestorTitles":["deployment admin helpers"],"fullName":"deployment admin helpers builds deployment admin stats","status":"passed","title":"builds deployment admin stats","duration":1.7784170000000046,"failureMessages":[],"meta":{},"tags":[]}],"startTime":1783434086345,"endTime":1783434086346.7783,"status":"passed","message":"","name":"/Users/oleksandrsvacko/Desktop/myProjects/AI War Room (AI Council)/apps/api/src/deployment/deployment-admin.helpers.test.ts"},{"assertionResults":[{"ancestorTitles":["DeploymentAdminService"],"fullName":"DeploymentAdminService reports deployment capabilities","status":"passed","title":"reports deployment capabilities","duration":2.190832999999998,"failureMessages":[],"meta":{},"tags":[]},{"ancestorTitles":["DeploymentAdminService"],"fullName":"DeploymentAdminService returns workspace deployment admin summary for owners","status":"passed","title":"returns workspace deployment admin summary for owners","duration":2.1997499999999945,"failureMessages":[],"meta":{},"tags":[]},{"ancestorTitles":["DeploymentAdminService"],"fullName":"DeploymentAdminService rejects deployment admin tools for members","status":"passed","title":"rejects deployment admin tools for members","duration":0.4574590000000853,"failureMessages":[],"meta":{},"tags":[]}],"startTime":1783434056692,"endTime":1783434056696.4575,"status":"passed","message":"","name":"/Users/oleksandrsvacko/Desktop/myProjects/AI War Room (AI Council)/apps/api/src/deployment/deployment-admin.service.test.ts"},{"assertionResults":[{"ancestorTitles":["evaluateDeploymentRollout"],"fullName":"evaluateDeploymentRollout passes when readiness and dependencies are healthy","status":"passed","title":"passes when readiness and dependencies are healthy","duration":0.9775000000000773,"failureMessages":[],"meta":{},"tags":[]},{"ancestorTitles":["evaluateDeploymentRollout"],"fullName":"evaluateDeploymentRollout fails in production with local web origin","status":"passed","title":"fails in production with local web origin","duration":0.11075000000005275,"failureMessages":[],"meta":{},"tags":[]}],"startTime":1783434087673,"endTime":1783434087674.1108,"status":"passed","message":"","name":"/Users/oleksandrsvacko/Desktop/myProjects/AI War Room (AI Council)/apps/api/src/deployment/deployment-rollout.helpers.test.ts"},{"assertionResults":[{"ancestorTitles":["EvaluationAdminService"],"fullName":"EvaluationAdminService reports prompt evaluation capabilities","status":"passed","title":"reports prompt evaluation capabilities","duration":3.7981250000000273,"failureMessages":[],"meta":{},"tags":[]},{"ancestorTitles":["EvaluationAdminService"],"fullName":"EvaluationAdminService reports prompt evaluation rollout readiness","status":"passed","title":"reports prompt evaluation rollout readiness","duration":10.307792000000063,"failureMessages":[],"meta":{},"tags":[]},{"ancestorTitles":["EvaluationAdminService"],"fullName":"EvaluationAdminService returns workspace prompt regression admin summary for owners","status":"passed","title":"returns workspace prompt regression admin summary for owners","duration":2.8247499999999945,"failureMessages":[],"meta":{},"tags":[]},{"ancestorTitles":["EvaluationAdminService"],"fullName":"EvaluationAdminService rejects prompt regression admin tools for members","status":"passed","title":"rejects prompt regression admin tools for members","duration":0.6676669999999376,"failureMessages":[],"meta":{},"tags":[]}],"startTime":1783434054031,"endTime":1783434054048.6677,"status":"passed","message":"","name":"/Users/oleksandrsvacko/Desktop/myProjects/AI War Room (AI Council)/apps/api/src/evaluation/evaluation-admin.service.test.ts"},{"assertionResults":[{"ancestorTitles":["evaluatePromptEvaluationRollout"],"fullName":"evaluatePromptEvaluationRollout passes when regression dataset and results are healthy","status":"passed","title":"passes when regression dataset and results are healthy","duration":1.087582999999995,"failureMessages":[],"meta":{},"tags":[]},{"ancestorTitles":["evaluatePromptEvaluationRollout"],"fullName":"evaluatePromptEvaluationRollout fails when regressions fail","status":"passed","title":"fails when regressions fail","duration":0.1314589999999498,"failureMessages":[],"meta":{},"tags":[]},{"ancestorTitles":["evaluatePromptEvaluationRollout"],"fullName":"evaluatePromptEvaluationRollout fails in production when regressions fail","status":"passed","title":"fails in production when regressions fail","duration":0.17041700000004312,"failureMessages":[],"meta":{},"tags":[]}],"startTime":1783434085344,"endTime":1783434085346.1704,"status":"passed","message":"","name":"/Users/oleksandrsvacko/Desktop/myProjects/AI War Room (AI Council)/apps/api/src/evaluation/prompt-evaluation-rollout.helpers.test.ts"},{"assertionResults":[{"ancestorTitles":["prompt evaluation runner"],"fullName":"prompt evaluation runner passes the prompt regression dataset against the mock provider","status":"passed","title":"passes the prompt regression dataset against the mock provider","duration":4.568250000000035,"failureMessages":[],"meta":{},"tags":[]},{"ancestorTitles":["prompt evaluation runner"],"fullName":"prompt evaluation runner flags prompt version drift as a regression","status":"passed","title":"flags prompt version drift as a regression","duration":0.26079200000003766,"failureMessages":[],"meta":{},"tags":[]}],"startTime":1783434062789,"endTime":1783434062794.2607,"status":"passed","message":"","name":"/Users/oleksandrsvacko/Desktop/myProjects/AI War Room (AI Council)/apps/api/src/evaluation/prompt-evaluation.runner.test.ts"},{"assertionResults":[{"ancestorTitles":["prompt regression admin helpers"],"fullName":"prompt regression admin helpers builds prompt regression stats","status":"passed","title":"builds prompt regression stats","duration":1.2293749999999903,"failureMessages":[],"meta":{},"tags":[]},{"ancestorTitles":["prompt regression admin helpers"],"fullName":"prompt regression admin helpers maps admin cases from report","status":"passed","title":"maps admin cases from report","duration":0.4942909999999898,"failureMessages":[],"meta":{},"tags":[]},{"ancestorTitles":["prompt regression admin helpers"],"fullName":"prompt regression admin helpers guides admins when regressions fail","status":"passed","title":"guides admins when regressions fail","duration":0.17150000000000887,"failureMessages":[],"meta":{},"tags":[]}],"startTime":1783434081129,"endTime":1783434081130.4944,"status":"passed","message":"","name":"/Users/oleksandrsvacko/Desktop/myProjects/AI War Room (AI Council)/apps/api/src/evaluation/prompt-regression-admin.helpers.test.ts"},{"assertionResults":[{"ancestorTitles":["ReadinessService"],"fullName":"ReadinessService reports ready when postgres and redis are reachable","status":"passed","title":"reports ready when postgres and redis are reachable","duration":3.3013750000000073,"failureMessages":[],"meta":{},"tags":[]},{"ancestorTitles":["ReadinessService"],"fullName":"ReadinessService reports not ready when a dependency is down","status":"passed","title":"reports not ready when a dependency is down","duration":0.6763329999999996,"failureMessages":[],"meta":{},"tags":[]},{"ancestorTitles":["ReadinessService"],"fullName":"ReadinessService throws a service unavailable error when readiness is required but failing","status":"passed","title":"throws a service unavailable error when readiness is required but failing","duration":0.41575000000000273,"failureMessages":[],"meta":{},"tags":[]}],"startTime":1783434072193,"endTime":1783434072197.6763,"status":"passed","message":"","name":"/Users/oleksandrsvacko/Desktop/myProjects/AI War Room (AI Council)/apps/api/src/health/readiness.service.test.ts"},{"assertionResults":[{"ancestorTitles":["idempotency admin helpers"],"fullName":"idempotency admin helpers merges persisted keys and active reservations","status":"passed","title":"merges persisted keys and active reservations","duration":12.164625000000001,"failureMessages":[],"meta":{},"tags":[]},{"ancestorTitles":["idempotency admin helpers"],"fullName":"idempotency admin helpers offers clear action when active reservations exist","status":"passed","title":"offers clear action when active reservations exist","duration":0.31229200000001356,"failureMessages":[],"meta":{},"tags":[]}],"startTime":1783434054238,"endTime":1783434054250.3123,"status":"passed","message":"","name":"/Users/oleksandrsvacko/Desktop/myProjects/AI War Room (AI Council)/apps/api/src/idempotency/idempotency-admin.helpers.test.ts"},{"assertionResults":[{"ancestorTitles":["IdempotencyAdminService"],"fullName":"IdempotencyAdminService reports idempotency capabilities","status":"passed","title":"reports idempotency capabilities","duration":2.178875000000062,"failureMessages":[],"meta":{},"tags":[]},{"ancestorTitles":["IdempotencyAdminService"],"fullName":"IdempotencyAdminService returns workspace idempotency admin summary for owners","status":"passed","title":"returns workspace idempotency admin summary for owners","duration":1.0599160000000438,"failureMessages":[],"meta":{},"tags":[]},{"ancestorTitles":["IdempotencyAdminService"],"fullName":"IdempotencyAdminService rejects idempotency admin tools for members","status":"passed","title":"rejects idempotency admin tools for members","duration":0.34570800000005875,"failureMessages":[],"meta":{},"tags":[]}],"startTime":1783434076055,"endTime":1783434076058.3457,"status":"passed","message":"","name":"/Users/oleksandrsvacko/Desktop/myProjects/AI War Room (AI Council)/apps/api/src/idempotency/idempotency-admin.service.test.ts"},{"assertionResults":[{"ancestorTitles":["evaluateIdempotencyRollout"],"fullName":"evaluateIdempotencyRollout passes in test mode without redis-backed reservations","status":"passed","title":"passes in test mode without redis-backed reservations","duration":0.8683339999999902,"failureMessages":[],"meta":{},"tags":[]},{"ancestorTitles":["evaluateIdempotencyRollout"],"fullName":"evaluateIdempotencyRollout fails in production without redis-backed reservations","status":"passed","title":"fails in production without redis-backed reservations","duration":0.09383400000000108,"failureMessages":[],"meta":{},"tags":[]}],"startTime":1783434089538,"endTime":1783434089539.0938,"status":"passed","message":"","name":"/Users/oleksandrsvacko/Desktop/myProjects/AI War Room (AI Council)/apps/api/src/idempotency/idempotency-rollout.helpers.test.ts"},{"assertionResults":[{"ancestorTitles":["incident admin helpers"],"fullName":"incident admin helpers builds incident admin records and stats","status":"passed","title":"builds incident admin records and stats","duration":1.478791000000001,"failureMessages":[],"meta":{},"tags":[]},{"ancestorTitles":["incident admin helpers"],"fullName":"incident admin helpers returns guidance and actions","status":"passed","title":"returns guidance and actions","duration":0.20087499999999636,"failureMessages":[],"meta":{},"tags":[]}],"startTime":1783434081666,"endTime":1783434081667.4788,"status":"passed","message":"","name":"/Users/oleksandrsvacko/Desktop/myProjects/AI War Room (AI Council)/apps/api/src/incidents/incident-admin.helpers.test.ts"},{"assertionResults":[{"ancestorTitles":["IncidentAdminService"],"fullName":"IncidentAdminService reports incident response capabilities","status":"passed","title":"reports incident response capabilities","duration":2.7280419999999594,"failureMessages":[],"meta":{},"tags":[]},{"ancestorTitles":["IncidentAdminService"],"fullName":"IncidentAdminService returns workspace incident admin summary for owners","status":"passed","title":"returns workspace incident admin summary for owners","duration":2.8743749999999864,"failureMessages":[],"meta":{},"tags":[]},{"ancestorTitles":["IncidentAdminService"],"fullName":"IncidentAdminService rejects incident admin tools for members","status":"passed","title":"rejects incident admin tools for members","duration":0.42337499999996453,"failureMessages":[],"meta":{},"tags":[]}],"startTime":1783434063544,"endTime":1783434063549.4233,"status":"passed","message":"","name":"/Users/oleksandrsvacko/Desktop/myProjects/AI War Room (AI Council)/apps/api/src/incidents/incident-admin.service.test.ts"},{"assertionResults":[{"ancestorTitles":["evaluateIncidentResponseRollout"],"fullName":"evaluateIncidentResponseRollout passes in test mode with incomplete incident coverage","status":"passed","title":"passes in test mode with incomplete incident coverage","duration":0.813958999999997,"failureMessages":[],"meta":{},"tags":[]},{"ancestorTitles":["evaluateIncidentResponseRollout"],"fullName":"evaluateIncidentResponseRollout fails in production with incomplete incident table coverage","status":"passed","title":"fails in production with incomplete incident table coverage","duration":0.09116699999999867,"failureMessages":[],"meta":{},"tags":[]},{"ancestorTitles":["evaluateIncidentResponseRollout"],"fullName":"evaluateIncidentResponseRollout fails when observability buffer capacity is too small","status":"passed","title":"fails when observability buffer capacity is too small","duration":0.0748750000000058,"failureMessages":[],"meta":{},"tags":[]}],"startTime":1783434088466,"endTime":1783434088467.091,"status":"passed","message":"","name":"/Users/oleksandrsvacko/Desktop/myProjects/AI War Room (AI Council)/apps/api/src/incidents/incident-response-rollout.helpers.test.ts"},{"assertionResults":[{"ancestorTitles":["LlmGatewayService"],"fullName":"LlmGatewayService returns valid structured JSON on the first attempt","status":"passed","title":"returns valid structured JSON on the first attempt","duration":1.9132079999999405,"failureMessages":[],"meta":{},"tags":[]},{"ancestorTitles":["LlmGatewayService"],"fullName":"LlmGatewayService repairs after invalid JSON by retrying through the gateway","status":"passed","title":"repairs after invalid JSON by retrying through the gateway","duration":0.5520420000000286,"failureMessages":[],"meta":{},"tags":[]},{"ancestorTitles":["LlmGatewayService"],"fullName":"LlmGatewayService returns a safe fallback after repeated schema validation failures","status":"passed","title":"returns a safe fallback after repeated schema validation failures","duration":0.4707499999999527,"failureMessages":[],"meta":{},"tags":[]},{"ancestorTitles":["LlmGatewayService"],"fullName":"LlmGatewayService routes from champion to deputy after a provider failure","status":"passed","title":"routes from champion to deputy after a provider failure","duration":0.19841699999994944,"failureMessages":[],"meta":{},"tags":[]},{"ancestorTitles":["LlmGatewayService"],"fullName":"LlmGatewayService passes workspace provider keys to real provider requests","status":"passed","title":"passes workspace provider keys to real provider requests","duration":0.13416700000004766,"failureMessages":[],"meta":{},"tags":[]}],"startTime":1783434076754,"endTime":1783434076758.1343,"status":"passed","message":"","name":"/Users/oleksandrsvacko/Desktop/myProjects/AI War Room (AI Council)/apps/api/src/llm/llm-gateway.service.test.ts"},{"assertionResults":[{"ancestorTitles":["LLM provider adapters"],"fullName":"LLM provider adapters sends Anthropic messages and extracts JSON text with usage","status":"passed","title":"sends Anthropic messages and extracts JSON text with usage","duration":2.0733749999999986,"failureMessages":[],"meta":{},"tags":[]},{"ancestorTitles":["LLM provider adapters"],"fullName":"LLM provider adapters sends OpenAI chat completions with JSON response format","status":"passed","title":"sends OpenAI chat completions with JSON response format","duration":0.3760409999999865,"failureMessages":[],"meta":{},"tags":[]},{"ancestorTitles":["LLM provider adapters"],"fullName":"LLM provider adapters fails fast when a configured real provider is missing its API key","status":"passed","title":"fails fast when a configured real provider is missing its API key","duration":0.8847499999999968,"failureMessages":[],"meta":{},"tags":[]}],"startTime":1783434077684,"endTime":1783434077687.8848,"status":"passed","message":"","name":"/Users/oleksandrsvacko/Desktop/myProjects/AI War Room (AI Council)/apps/api/src/llm/llm-provider-adapters.test.ts"},{"assertionResults":[{"ancestorTitles":["evaluateLlmRollout"],"fullName":"evaluateLlmRollout passes production anthropic/openai rollout checks","status":"passed","title":"passes production anthropic/openai rollout checks","duration":0.8594170000000076,"failureMessages":[],"meta":{},"tags":[]},{"ancestorTitles":["evaluateLlmRollout"],"fullName":"evaluateLlmRollout fails production rollout when mock primary provider is configured","status":"passed","title":"fails production rollout when mock primary provider is configured","duration":0.4217089999999928,"failureMessages":[],"meta":{},"tags":[]}],"startTime":1783434086244,"endTime":1783434086245.4216,"status":"passed","message":"","name":"/Users/oleksandrsvacko/Desktop/myProjects/AI War Room (AI Council)/apps/api/src/llm/llm-rollout.helpers.test.ts"},{"assertionResults":[{"ancestorTitles":["LlmService"],"fullName":"LlmService reports llm capabilities","status":"passed","title":"reports llm capabilities","duration":2.008707999999956,"failureMessages":[],"meta":{},"tags":[]},{"ancestorTitles":["LlmService"],"fullName":"LlmService reports llm rollout readiness for development mock providers","status":"passed","title":"reports llm rollout readiness for development mock providers","duration":0.949916999999914,"failureMessages":[],"meta":{},"tags":[]}],"startTime":1783434078555,"endTime":1783434078558.95,"status":"passed","message":"","name":"/Users/oleksandrsvacko/Desktop/myProjects/AI War Room (AI Council)/apps/api/src/llm/llm.service.test.ts"},{"assertionResults":[{"ancestorTitles":["migration admin helpers"],"fullName":"migration admin helpers builds migration admin records and stats","status":"passed","title":"builds migration admin records and stats","duration":1.2912919999999986,"failureMessages":[],"meta":{},"tags":[]}],"startTime":1783434081035,"endTime":1783434081036.2913,"status":"passed","message":"","name":"/Users/oleksandrsvacko/Desktop/myProjects/AI War Room (AI Council)/apps/api/src/migrations/migration-admin.helpers.test.ts"},{"assertionResults":[{"ancestorTitles":["MigrationAdminService"],"fullName":"MigrationAdminService reports migration capabilities","status":"passed","title":"reports migration capabilities","duration":2.2907920000000104,"failureMessages":[],"meta":{},"tags":[]},{"ancestorTitles":["MigrationAdminService"],"fullName":"MigrationAdminService returns workspace migration admin summary for owners","status":"passed","title":"returns workspace migration admin summary for owners","duration":1.7244999999999209,"failureMessages":[],"meta":{},"tags":[]},{"ancestorTitles":["MigrationAdminService"],"fullName":"MigrationAdminService rejects migration admin tools for members","status":"passed","title":"rejects migration admin tools for members","duration":0.38712500000008276,"failureMessages":[],"meta":{},"tags":[]}],"startTime":1783434062095,"endTime":1783434062099.7246,"status":"passed","message":"","name":"/Users/oleksandrsvacko/Desktop/myProjects/AI War Room (AI Council)/apps/api/src/migrations/migration-admin.service.test.ts"},{"assertionResults":[{"ancestorTitles":["evaluateMigrationRollout"],"fullName":"evaluateMigrationRollout passes in test mode with pending migrations","status":"passed","title":"passes in test mode with pending migrations","duration":0.8086250000000064,"failureMessages":[],"meta":{},"tags":[]},{"ancestorTitles":["evaluateMigrationRollout"],"fullName":"evaluateMigrationRollout fails in production with pending migrations","status":"passed","title":"fails in production with pending migrations","duration":0.08991600000000233,"failureMessages":[],"meta":{},"tags":[]}],"startTime":1783434088647,"endTime":1783434088648.0898,"status":"passed","message":"","name":"/Users/oleksandrsvacko/Desktop/myProjects/AI War Room (AI Council)/apps/api/src/migrations/migration-rollout.helpers.test.ts"},{"assertionResults":[{"ancestorTitles":["resolveModelHealthAdminActions"],"fullName":"resolveModelHealthAdminActions offers recover when degraded models exist","status":"passed","title":"offers recover when degraded models exist","duration":0.9452920000000091,"failureMessages":[],"meta":{},"tags":[]},{"ancestorTitles":["resolveModelHealthAdminActions"],"fullName":"resolveModelHealthAdminActions builds model health stats","status":"passed","title":"builds model health stats","duration":0.13774999999999693,"failureMessages":[],"meta":{},"tags":[]}],"startTime":1783434083321,"endTime":1783434083322.1377,"status":"passed","message":"","name":"/Users/oleksandrsvacko/Desktop/myProjects/AI War Room (AI Council)/apps/api/src/model-router/model-health-admin.helpers.test.ts"},{"assertionResults":[{"ancestorTitles":["ModelRouterAdminService"],"fullName":"ModelRouterAdminService returns model health admin summary for owners","status":"passed","title":"returns model health admin summary for owners","duration":2.82320900000002,"failureMessages":[],"meta":{},"tags":[]},{"ancestorTitles":["ModelRouterAdminService"],"fullName":"ModelRouterAdminService rejects model health admin tools for members","status":"passed","title":"rejects model health admin tools for members","duration":0.94337500000006,"failureMessages":[],"meta":{},"tags":[]},{"ancestorTitles":["ModelRouterAdminService"],"fullName":"ModelRouterAdminService recovers degraded models through admin actions","status":"passed","title":"recovers degraded models through admin actions","duration":0.7180419999999685,"failureMessages":[],"meta":{},"tags":[]}],"startTime":1783434066489,"endTime":1783434066493.718,"status":"passed","message":"","name":"/Users/oleksandrsvacko/Desktop/myProjects/AI War Room (AI Council)/apps/api/src/model-router/model-router-admin.service.test.ts"},{"assertionResults":[{"ancestorTitles":["evaluateModelRouterRollout"],"fullName":"evaluateModelRouterRollout passes production rollout when real providers have active champions","status":"passed","title":"passes production rollout when real providers have active champions","duration":1.305374999999998,"failureMessages":[],"meta":{},"tags":[]},{"ancestorTitles":["evaluateModelRouterRollout"],"fullName":"evaluateModelRouterRollout passes local mock rollout checks","status":"passed","title":"passes local mock rollout checks","duration":0.12691699999999173,"failureMessages":[],"meta":{},"tags":[]},{"ancestorTitles":["evaluateModelRouterRollout"],"fullName":"evaluateModelRouterRollout fails production rollout when primary provider has no healthy active models","status":"passed","title":"fails production rollout when primary provider has no healthy active models","duration":0.44700000000000273,"failureMessages":[],"meta":{},"tags":[]}],"startTime":1783434079251,"endTime":1783434079252.447,"status":"passed","message":"","name":"/Users/oleksandrsvacko/Desktop/myProjects/AI War Room (AI Council)/apps/api/src/model-router/model-router-rollout.helpers.test.ts"},{"assertionResults":[{"ancestorTitles":["ModelRouterService"],"fullName":"ModelRouterService keeps candidate models from becoming champion before evaluation approval","status":"passed","title":"keeps candidate models from becoming champion before evaluation approval","duration":3.3315000000000055,"failureMessages":[],"meta":{},"tags":[]},{"ancestorTitles":["ModelRouterService"],"fullName":"ModelRouterService selects champions per role and records auditable decisions","status":"passed","title":"selects champions per role and records auditable decisions","duration":0.5137500000000728,"failureMessages":[],"meta":{},"tags":[]},{"ancestorTitles":["ModelRouterService"],"fullName":"ModelRouterService uses deputy when champion is degraded","status":"passed","title":"uses deputy when champion is degraded","duration":0.2261670000000322,"failureMessages":[],"meta":{},"tags":[]},{"ancestorTitles":["ModelRouterService"],"fullName":"ModelRouterService can force deputy after champion failure","status":"passed","title":"can force deputy after champion failure","duration":0.15104100000007747,"failureMessages":[],"meta":{},"tags":[]},{"ancestorTitles":["ModelRouterService"],"fullName":"ModelRouterService promotes explicitly configured real providers from candidate to active","status":"passed","title":"promotes explicitly configured real providers from candidate to active","duration":0.3272910000000593,"failureMessages":[],"meta":{},"tags":[]},{"ancestorTitles":["ModelRouterService"],"fullName":"ModelRouterService persists degradation and recovery health events","status":"passed","title":"persists degradation and recovery health events","duration":0.2231249999999818,"failureMessages":[],"meta":{},"tags":[]}],"startTime":1783434065765,"endTime":1783434065770.3274,"status":"passed","message":"","name":"/Users/oleksandrsvacko/Desktop/myProjects/AI War Room (AI Council)/apps/api/src/model-router/model-router.service.test.ts"},{"assertionResults":[{"ancestorTitles":["observability admin helpers"],"fullName":"observability admin helpers builds observability stats from events","status":"passed","title":"builds observability stats from events","duration":1.1296660000000003,"failureMessages":[],"meta":{},"tags":[]},{"ancestorTitles":["observability admin helpers"],"fullName":"observability admin helpers offers buffer clear when events exist","status":"passed","title":"offers buffer clear when events exist","duration":0.18850000000000477,"failureMessages":[],"meta":{},"tags":[]},{"ancestorTitles":["observability admin helpers"],"fullName":"observability admin helpers maps recent events for admin display","status":"passed","title":"maps recent events for admin display","duration":0.12224999999999397,"failureMessages":[],"meta":{},"tags":[]},{"ancestorTitles":["observability admin helpers"],"fullName":"observability admin helpers guides admins when errors exist","status":"passed","title":"guides admins when errors exist","duration":0.11845799999998974,"failureMessages":[],"meta":{},"tags":[]}],"startTime":1783434082442,"endTime":1783434082444.1885,"status":"passed","message":"","name":"/Users/oleksandrsvacko/Desktop/myProjects/AI War Room (AI Council)/apps/api/src/observability/observability-admin.helpers.test.ts"},{"assertionResults":[{"ancestorTitles":["ObservabilityAdminService"],"fullName":"ObservabilityAdminService reports observability capabilities","status":"passed","title":"reports observability capabilities","duration":2.0333329999999705,"failureMessages":[],"meta":{},"tags":[]},{"ancestorTitles":["ObservabilityAdminService"],"fullName":"ObservabilityAdminService reports observability rollout readiness","status":"passed","title":"reports observability rollout readiness","duration":0.9565830000000233,"failureMessages":[],"meta":{},"tags":[]},{"ancestorTitles":["ObservabilityAdminService"],"fullName":"ObservabilityAdminService returns workspace observability admin summary for owners","status":"passed","title":"returns workspace observability admin summary for owners","duration":0.6134159999999156,"failureMessages":[],"meta":{},"tags":[]},{"ancestorTitles":["ObservabilityAdminService"],"fullName":"ObservabilityAdminService rejects observability admin tools for members","status":"passed","title":"rejects observability admin tools for members","duration":0.3836659999999483,"failureMessages":[],"meta":{},"tags":[]}],"startTime":1783434065040,"endTime":1783434065044.3835,"status":"passed","message":"","name":"/Users/oleksandrsvacko/Desktop/myProjects/AI War Room (AI Council)/apps/api/src/observability/observability-admin.service.test.ts"},{"assertionResults":[{"ancestorTitles":["evaluateObservabilityRollout"],"fullName":"evaluateObservabilityRollout passes when logging, tracing, and pipeline coverage are healthy","status":"passed","title":"passes when logging, tracing, and pipeline coverage are healthy","duration":0.9592920000000049,"failureMessages":[],"meta":{},"tags":[]},{"ancestorTitles":["evaluateObservabilityRollout"],"fullName":"evaluateObservabilityRollout fails when pipeline event coverage is incomplete","status":"passed","title":"fails when pipeline event coverage is incomplete","duration":0.1173750000000382,"failureMessages":[],"meta":{},"tags":[]},{"ancestorTitles":["evaluateObservabilityRollout"],"fullName":"evaluateObservabilityRollout fails in production when buffer capacity is too small","status":"passed","title":"fails in production when buffer capacity is too small","duration":0.10550000000000637,"failureMessages":[],"meta":{},"tags":[]}],"startTime":1783434087060,"endTime":1783434087061.1174,"status":"passed","message":"","name":"/Users/oleksandrsvacko/Desktop/myProjects/AI War Room (AI Council)/apps/api/src/observability/observability-rollout.helpers.test.ts"},{"assertionResults":[{"ancestorTitles":["performance admin helpers"],"fullName":"performance admin helpers builds performance admin records and stats","status":"passed","title":"builds performance admin records and stats","duration":1.558000000000007,"failureMessages":[],"meta":{},"tags":[]},{"ancestorTitles":["performance admin helpers"],"fullName":"performance admin helpers returns guidance and actions","status":"passed","title":"returns guidance and actions","duration":0.20645899999999529,"failureMessages":[],"meta":{},"tags":[]}],"startTime":1783434081487,"endTime":1783434081489.2065,"status":"passed","message":"","name":"/Users/oleksandrsvacko/Desktop/myProjects/AI War Room (AI Council)/apps/api/src/performance/performance-admin.helpers.test.ts"},{"assertionResults":[{"ancestorTitles":["PerformanceAdminService"],"fullName":"PerformanceAdminService reports performance capabilities","status":"passed","title":"reports performance capabilities","duration":2.087167000000022,"failureMessages":[],"meta":{},"tags":[]},{"ancestorTitles":["PerformanceAdminService"],"fullName":"PerformanceAdminService returns workspace performance admin summary for owners","status":"passed","title":"returns workspace performance admin summary for owners","duration":1.5230000000000246,"failureMessages":[],"meta":{},"tags":[]},{"ancestorTitles":["PerformanceAdminService"],"fullName":"PerformanceAdminService rejects performance admin tools for members","status":"passed","title":"rejects performance admin tools for members","duration":0.3659579999999778,"failureMessages":[],"meta":{},"tags":[]}],"startTime":1783434075282,"endTime":1783434075286.366,"status":"passed","message":"","name":"/Users/oleksandrsvacko/Desktop/myProjects/AI War Room (AI Council)/apps/api/src/performance/performance-admin.service.test.ts"},{"assertionResults":[{"ancestorTitles":["evaluatePerformanceRollout"],"fullName":"evaluatePerformanceRollout passes in test mode with incomplete performance coverage","status":"passed","title":"passes in test mode with incomplete performance coverage","duration":0.854457999999994,"failureMessages":[],"meta":{},"tags":[]},{"ancestorTitles":["evaluatePerformanceRollout"],"fullName":"evaluatePerformanceRollout fails in production with incomplete performance table coverage","status":"passed","title":"fails in production with incomplete performance table coverage","duration":0.09712499999999125,"failureMessages":[],"meta":{},"tags":[]},{"ancestorTitles":["evaluatePerformanceRollout"],"fullName":"evaluatePerformanceRollout fails when observability buffer capacity is too small","status":"passed","title":"fails when observability buffer capacity is too small","duration":0.07783299999999826,"failureMessages":[],"meta":{},"tags":[]}],"startTime":1783434089628,"endTime":1783434089629.0972,"status":"passed","message":"","name":"/Users/oleksandrsvacko/Desktop/myProjects/AI War Room (AI Council)/apps/api/src/performance/performance-rollout.helpers.test.ts"},{"assertionResults":[{"ancestorTitles":["StreamEventBufferService"],"fullName":"StreamEventBufferService replays all buffered events for a run","status":"passed","title":"replays all buffered events for a run","duration":1.4283750000000168,"failureMessages":[],"meta":{},"tags":[]},{"ancestorTitles":["StreamEventBufferService"],"fullName":"StreamEventBufferService lists and clears workspace buffered streams","status":"passed","title":"lists and clears workspace buffered streams","duration":0.3543330000000253,"failureMessages":[],"meta":{},"tags":[]}],"startTime":1783434079570,"endTime":1783434079571.4285,"status":"passed","message":"","name":"/Users/oleksandrsvacko/Desktop/myProjects/AI War Room (AI Council)/apps/api/src/persistence/stream-event-buffer.service.test.ts"},{"assertionResults":[{"ancestorTitles":["ProviderCredentialsAdminService"],"fullName":"ProviderCredentialsAdminService reports provider credentials capabilities","status":"passed","title":"reports provider credentials capabilities","duration":2.1649580000000697,"failureMessages":[],"meta":{},"tags":[]},{"ancestorTitles":["ProviderCredentialsAdminService"],"fullName":"ProviderCredentialsAdminService reports provider credentials rollout readiness","status":"passed","title":"reports provider credentials rollout readiness","duration":1.8067499999999654,"failureMessages":[],"meta":{},"tags":[]},{"ancestorTitles":["ProviderCredentialsAdminService"],"fullName":"ProviderCredentialsAdminService returns workspace provider key admin summary for owners","status":"passed","title":"returns workspace provider key admin summary for owners","duration":1.588707999999997,"failureMessages":[],"meta":{},"tags":[]},{"ancestorTitles":["ProviderCredentialsAdminService"],"fullName":"ProviderCredentialsAdminService rejects provider key admin tools for members","status":"passed","title":"rejects provider key admin tools for members","duration":0.380916999999954,"failureMessages":[],"meta":{},"tags":[]}],"startTime":1783434055895,"endTime":1783434055900.5886,"status":"passed","message":"","name":"/Users/oleksandrsvacko/Desktop/myProjects/AI War Room (AI Council)/apps/api/src/provider-credentials/provider-credentials-admin.service.test.ts"},{"assertionResults":[{"ancestorTitles":["evaluateProviderCredentialsRollout"],"fullName":"evaluateProviderCredentialsRollout passes in test mode with mock providers","status":"passed","title":"passes in test mode with mock providers","duration":0.9410839999999325,"failureMessages":[],"meta":{},"tags":[]},{"ancestorTitles":["evaluateProviderCredentialsRollout"],"fullName":"evaluateProviderCredentialsRollout fails when encryption roundtrip fails","status":"passed","title":"fails when encryption roundtrip fails","duration":0.10920899999996436,"failureMessages":[],"meta":{},"tags":[]},{"ancestorTitles":["evaluateProviderCredentialsRollout"],"fullName":"evaluateProviderCredentialsRollout fails in production with default encryption key","status":"passed","title":"fails in production with default encryption key","duration":0.11450000000002092,"failureMessages":[],"meta":{},"tags":[]}],"startTime":1783434085966,"endTime":1783434085967.1145,"status":"passed","message":"","name":"/Users/oleksandrsvacko/Desktop/myProjects/AI War Room (AI Council)/apps/api/src/provider-credentials/provider-credentials-rollout.helpers.test.ts"},{"assertionResults":[{"ancestorTitles":["provider key admin helpers"],"fullName":"provider key admin helpers builds provider key stats","status":"passed","title":"builds provider key stats","duration":1.1205409999999887,"failureMessages":[],"meta":{},"tags":[]},{"ancestorTitles":["provider key admin helpers"],"fullName":"provider key admin helpers offers retest when failed credentials exist","status":"passed","title":"offers retest when failed credentials exist","duration":0.19149999999999068,"failureMessages":[],"meta":{},"tags":[]},{"ancestorTitles":["provider key admin helpers"],"fullName":"provider key admin helpers guides admins when no keys exist","status":"passed","title":"guides admins when no keys exist","duration":0.12208299999998928,"failureMessages":[],"meta":{},"tags":[]}],"startTime":1783434079341,"endTime":1783434079342.1914,"status":"passed","message":"","name":"/Users/oleksandrsvacko/Desktop/myProjects/AI War Room (AI Council)/apps/api/src/provider-credentials/provider-key-admin.helpers.test.ts"},{"assertionResults":[{"ancestorTitles":["release admin helpers"],"fullName":"release admin helpers builds release admin records and stats","status":"passed","title":"builds release admin records and stats","duration":1.5945420000000041,"failureMessages":[],"meta":{},"tags":[]},{"ancestorTitles":["release admin helpers"],"fullName":"release admin helpers returns guidance and actions","status":"passed","title":"returns guidance and actions","duration":0.22012500000001012,"failureMessages":[],"meta":{},"tags":[]}],"startTime":1783434080267,"endTime":1783434080268.5945,"status":"passed","message":"","name":"/Users/oleksandrsvacko/Desktop/myProjects/AI War Room (AI Council)/apps/api/src/releases/release-admin.helpers.test.ts"},{"assertionResults":[{"ancestorTitles":["ReleaseAdminService"],"fullName":"ReleaseAdminService reports release capabilities","status":"passed","title":"reports release capabilities","duration":2.026540999999952,"failureMessages":[],"meta":{},"tags":[]},{"ancestorTitles":["ReleaseAdminService"],"fullName":"ReleaseAdminService returns workspace release admin summary for owners","status":"passed","title":"returns workspace release admin summary for owners","duration":2.231207999999924,"failureMessages":[],"meta":{},"tags":[]},{"ancestorTitles":["ReleaseAdminService"],"fullName":"ReleaseAdminService rejects release admin tools for members","status":"passed","title":"rejects release admin tools for members","duration":0.4833340000000135,"failureMessages":[],"meta":{},"tags":[]}],"startTime":1783434060559,"endTime":1783434060563.4834,"status":"passed","message":"","name":"/Users/oleksandrsvacko/Desktop/myProjects/AI War Room (AI Council)/apps/api/src/releases/release-admin.service.test.ts"},{"assertionResults":[{"ancestorTitles":["evaluateReleaseRollout"],"fullName":"evaluateReleaseRollout passes in test mode with incomplete release coverage","status":"passed","title":"passes in test mode with incomplete release coverage","duration":1.4447920000000067,"failureMessages":[],"meta":{},"tags":[]},{"ancestorTitles":["evaluateReleaseRollout"],"fullName":"evaluateReleaseRollout fails in production with incomplete release table coverage","status":"passed","title":"fails in production with incomplete release table coverage","duration":0.24916600000000244,"failureMessages":[],"meta":{},"tags":[]},{"ancestorTitles":["evaluateReleaseRollout"],"fullName":"evaluateReleaseRollout fails when API version metadata is unavailable","status":"passed","title":"fails when API version metadata is unavailable","duration":0.25533299999999315,"failureMessages":[],"meta":{},"tags":[]}],"startTime":1783434083678,"endTime":1783434083679.4448,"status":"passed","message":"","name":"/Users/oleksandrsvacko/Desktop/myProjects/AI War Room (AI Council)/apps/api/src/releases/release-rollout.helpers.test.ts"},{"assertionResults":[{"ancestorTitles":["reliability admin helpers"],"fullName":"reliability admin helpers builds reliability admin records and stats","status":"passed","title":"builds reliability admin records and stats","duration":1.5224589999999978,"failureMessages":[],"meta":{},"tags":[]},{"ancestorTitles":["reliability admin helpers"],"fullName":"reliability admin helpers returns guidance and actions","status":"passed","title":"returns guidance and actions","duration":0.21537500000000875,"failureMessages":[],"meta":{},"tags":[]}],"startTime":1783434081756,"endTime":1783434081757.5225,"status":"passed","message":"","name":"/Users/oleksandrsvacko/Desktop/myProjects/AI War Room (AI Council)/apps/api/src/reliability/reliability-admin.helpers.test.ts"},{"assertionResults":[{"ancestorTitles":["ReliabilityAdminService"],"fullName":"ReliabilityAdminService reports reliability capabilities","status":"passed","title":"reports reliability capabilities","duration":1.9399999999999409,"failureMessages":[],"meta":{},"tags":[]},{"ancestorTitles":["ReliabilityAdminService"],"fullName":
[...]
ultizability capabilities and rollout readiness","duration":4.46875,"failureMessages":[],"meta":{},"tags":[]},{"ancestorTitles":["monitorabilityvaultizability rollout integration"],"fullName":"monitorabilityvaultizability rollout integration returns monitorabilityvaultizability admin summary for owners","status":"passed","title":"returns monitorabilityvaultizability admin summary for owners","duration":5.277458000000479,"failureMessages":[],"meta":{},"tags":[]},{"ancestorTitles":["monitorabilityvaultizability rollout integration"],"fullName":"monitorabilityvaultizability rollout integration rejects monitorabilityvaultizability admin tools for members","status":"passed","title":"rejects monitorabilityvaultizability admin tools for members","duration":1.1446670000004815,"failureMessages":[],"meta":{},"tags":[]},{"ancestorTitles":["predictabilityvaultizability rollout integration"],"fullName":"predictabilityvaultizability rollout integration reports predictabilityvaultizability capabilities and rollout readiness","status":"passed","title":"reports predictabilityvaultizability capabilities and rollout readiness","duration":4.230125000000044,"failureMessages":[],"meta":{},"tags":[]},{"ancestorTitles":["predictabilityvaultizability rollout integration"],"fullName":"predictabilityvaultizability rollout integration returns predictabilityvaultizability admin summary for owners","status":"passed","title":"returns predictabilityvaultizability admin summary for owners","duration":4.307708999998795,"failureMessages":[],"meta":{},"tags":[]},{"ancestorTitles":["predictabilityvaultizability rollout integration"],"fullName":"predictabilityvaultizability rollout integration rejects predictabilityvaultizability admin tools for members","status":"passed","title":"rejects predictabilityvaultizability admin tools for members","duration":0.5825000000004366,"failureMessages":[],"meta":{},"tags":[]},{"ancestorTitles":["repeatabilityvaultizability rollout integration"],"fullName":"repeatabilityvaultizability rollout integration reports repeatabilityvaultizability capabilities and rollout readiness","status":"passed","title":"reports repeatabilityvaultizability capabilities and rollout readiness","duration":3.296707999999853,"failureMessages":[],"meta":{},"tags":[]},{"ancestorTitles":["repeatabilityvaultizability rollout integration"],"fullName":"repeatabilityvaultizability rollout integration returns repeatabilityvaultizability admin summary for owners","status":"passed","title":"returns repeatabilityvaultizability admin summary for owners","duration":4.080167000000074,"failureMessages":[],"meta":{},"tags":[]},{"ancestorTitles":["repeatabilityvaultizability rollout integration"],"fullName":"repeatabilityvaultizability rollout integration rejects repeatabilityvaultizability admin tools for members","status":"passed","title":"rejects repeatabilityvaultizability admin tools for members","duration":1.0434580000001006,"failureMessages":[],"meta":{},"tags":[]},{"ancestorTitles":["responsivenessvaultizability rollout integration"],"fullName":"responsivenessvaultizability rollout integration reports responsivenessvaultizability capabilities and rollout readiness","status":"passed","title":"reports responsivenessvaultizability capabilities and rollout readiness","duration":4.190582999999606,"failureMessages":[],"meta":{},"tags":[]},{"ancestorTitles":["responsivenessvaultizability rollout integration"],"fullName":"responsivenessvaultizability rollout integration returns responsivenessvaultizability admin summary for owners","status":"passed","title":"returns responsivenessvaultizability admin summary for owners","duration":3.724207999999635,"failureMessages":[],"meta":{},"tags":[]},{"ancestorTitles":["responsivenessvaultizability rollout integration"],"fullName":"responsivenessvaultizability rollout integration rejects responsivenessvaultizability admin tools for members","status":"passed","title":"rejects responsivenessvaultizability admin tools for members","duration":0.5005000000001019,"failureMessages":[],"meta":{},"tags":[]},{"ancestorTitles":["dependabilityvaultizability rollout integration"],"fullName":"dependabilityvaultizability rollout integration reports dependabilityvaultizability capabilities and rollout readiness","status":"passed","title":"reports dependabilityvaultizability capabilities and rollout readiness","duration":2.9772089999987656,"failureMessages":[],"meta":{},"tags":[]},{"ancestorTitles":["dependabilityvaultizability rollout integration"],"fullName":"dependabilityvaultizability rollout integration returns dependabilityvaultizability admin summary for owners","status":"passed","title":"returns dependabilityvaultizability admin summary for owners","duration":2.4990409999991243,"failureMessages":[],"meta":{},"tags":[]},{"ancestorTitles":["dependabilityvaultizability rollout integration"],"fullName":"dependabilityvaultizability rollout integration rejects dependabilityvaultizability admin tools for members","status":"passed","title":"rejects dependabilityvaultizability admin tools for members","duration":0.3357500000001892,"failureMessages":[],"meta":{},"tags":[]},{"ancestorTitles":["composabilityvaultizability rollout integration"],"fullName":"composabilityvaultizability rollout integration reports composabilityvaultizability capabilities and rollout readiness","status":"passed","title":"reports composabilityvaultizability capabilities and rollout readiness","duration":2.410041999999521,"failureMessages":[],"meta":{},"tags":[]},{"ancestorTitles":["composabilityvaultizability rollout integration"],"fullName":"composabilityvaultizability rollout integration returns composabilityvaultizability admin summary for owners","status":"passed","title":"returns composabilityvaultizability admin summary for owners","duration":5.477249999999913,"failureMessages":[],"meta":{},"tags":[]},{"ancestorTitles":["composabilityvaultizability rollout integration"],"fullName":"composabilityvaultizability rollout integration rejects composabilityvaultizability admin tools for members","status":"passed","title":"rejects composabilityvaultizability admin tools for members","duration":0.6553750000002765,"failureMessages":[],"meta":{},"tags":[]},{"ancestorTitles":["trustworthinessvaultizability rollout integration"],"fullName":"trustworthinessvaultizability rollout integration reports trustworthinessvaultizability capabilities and rollout readiness","status":"passed","title":"reports trustworthinessvaultizability capabilities and rollout readiness","duration":3.9502080000002024,"failureMessages":[],"meta":{},"tags":[]},{"ancestorTitles":["trustworthinessvaultizability rollout integration"],"fullName":"trustworthinessvaultizability rollout integration returns trustworthinessvaultizability admin summary for owners","status":"passed","title":"returns trustworthinessvaultizability admin summary for owners","duration":3.55633300000045,"failureMessages":[],"meta":{},"tags":[]},{"ancestorTitles":["trustworthinessvaultizability rollout integration"],"fullName":"trustworthinessvaultizability rollout integration rejects trustworthinessvaultizability admin tools for members","status":"passed","title":"rejects trustworthinessvaultizability admin tools for members","duration":0.5121670000007725,"failureMessages":[],"meta":{},"tags":[]},{"ancestorTitles":["repeatabilityvaultizability rollout integration"],"fullName":"repeatabilityvaultizability rollout integration reports repeatabilityvaultizability capabilities and rollout readiness","status":"passed","title":"reports repeatabilityvaultizability capabilities and rollout readiness","duration":3.160707999999431,"failureMessages":[],"meta":{},"tags":[]},{"ancestorTitles":["repeatabilityvaultizability rollout integration"],"fullName":"repeatabilityvaultizability rollout integration returns repeatabilityvaultizability admin summary for owners","status":"passed","title":"returns repeatabilityvaultizability admin summary for owners","duration":3.541416999998546,"failureMessages":[],"meta":{},"tags":[]},{"ancestorTitles":["repeatabilityvaultizability rollout integration"],"fullName":"repeatabilityvaultizability rollout integration rejects repeatabilityvaultizability admin tools for members","status":"passed","title":"rejects repeatabilityvaultizability admin tools for members","duration":0.4036660000001575,"failureMessages":[],"meta":{},"tags":[]},{"ancestorTitles":["responsivenessvaultizability rollout integration"],"fullName":"responsivenessvaultizability rollout integration reports responsivenessvaultizability capabilities and rollout readiness","status":"passed","title":"reports responsivenessvaultizability capabilities and rollout readiness","duration":2.523417000000336,"failureMessages":[],"meta":{},"tags":[]},{"ancestorTitles":["responsivenessvaultizability rollout integration"],"fullName":"responsivenessvaultizability rollout integration returns responsivenessvaultizability admin summary for owners","status":"passed","title":"returns responsivenessvaultizability admin summary for owners","duration":2.286959000000934,"failureMessages":[],"meta":{},"tags":[]},{"ancestorTitles":["responsivenessvaultizability rollout integration"],"fullName":"responsivenessvaultizability rollout integration rejects responsivenessvaultizability admin tools for members","status":"passed","title":"rejects responsivenessvaultizability admin tools for members","duration":0.5473750000001019,"failureMessages":[],"meta":{},"tags":[]},{"ancestorTitles":["dependabilityvaultizability rollout integration"],"fullName":"dependabilityvaultizability rollout integration reports dependabilityvaultizability capabilities and rollout readiness","status":"passed","title":"reports dependabilityvaultizability capabilities and rollout readiness","duration":2.2791250000009313,"failureMessages":[],"meta":{},"tags":[]},{"ancestorTitles":["dependabilityvaultizability rollout integration"],"fullName":"dependabilityvaultizability rollout integration returns dependabilityvaultizability admin summary for owners","status":"passed","title":"returns dependabilityvaultizability admin summary for owners","duration":2.2675839999992604,"failureMessages":[],"meta":{},"tags":[]},{"ancestorTitles":["dependabilityvaultizability rollout integration"],"fullName":"dependabilityvaultizability rollout integration rejects dependabilityvaultizability admin tools for members","status":"passed","title":"rejects dependabilityvaultizability admin tools for members","duration":0.3350829999999405,"failureMessages":[],"meta":{},"tags":[]},{"ancestorTitles":["composabilityvaultizability rollout integration"],"fullName":"composabilityvaultizability rollout integration reports composabilityvaultizability capabilities and rollout readiness","status":"passed","title":"reports composabilityvaultizability capabilities and rollout readiness","duration":1.8110000000015134,"failureMessages":[],"meta":{},"tags":[]},{"ancestorTitles":["composabilityvaultizability rollout integration"],"fullName":"composabilityvaultizability rollout integration returns composabilityvaultizability admin summary for owners","status":"passed","title":"returns composabilityvaultizability admin summary for owners","duration":2.2658750000009604,"failureMessages":[],"meta":{},"tags":[]},{"ancestorTitles":["composabilityvaultizability rollout integration"],"fullName":"composabilityvaultizability rollout integration rejects composabilityvaultizability admin tools for members","status":"passed","title":"rejects composabilityvaultizability admin tools for members","duration":0.37745800000084273,"failureMessages":[],"meta":{},"tags":[]},{"ancestorTitles":["trustworthinessvaultizability rollout integration"],"fullName":"trustworthinessvaultizability rollout integration reports trustworthinessvaultizability capabilities and rollout readiness","status":"passed","title":"reports trustworthinessvaultizability capabilities and rollout readiness","duration":2.254833000000872,"failureMessages":[],"meta":{},"tags":[]},{"ancestorTitles":["trustworthinessvaultizability rollout integration"],"fullName":"trustworthinessvaultizability rollout integration returns trustworthinessvaultizability admin summary for owners","status":"passed","title":"returns trustworthinessvaultizability admin summary for owners","duration":2.30816699999923,"failureMessages":[],"meta":{},"tags":[]},{"ancestorTitles":["trustworthinessvaultizability rollout integration"],"fullName":"trustworthinessvaultizability rollout integration rejects trustworthinessvaultizability admin tools for members","status":"passed","title":"rejects trustworthinessvaultizability admin tools for members","duration":0.36062499999934516,"failureMessages":[],"meta":{},"tags":[]}],"startTime":1783434031379,"endTime":1783434035211.3606,"status":"passed","message":"","name":"/Users/oleksandrsvacko/Desktop/myProjects/AI War Room (AI Council)/apps/api/src/workspaces/workspace-admin-rollout.integration.test.ts"},{"assertionResults":[{"ancestorTitles":["llm integration"],"fullName":"llm integration reports llm capabilities and rollout readiness","status":"passed","title":"reports llm capabilities and rollout readiness","duration":14.481667000000016,"failureMessages":[],"meta":{},"tags":[]},{"ancestorTitles":["research integration"],"fullName":"research integration reports research capabilities and rollout readiness","status":"passed","title":"reports research capabilities and rollout readiness","duration":3.2827910000000884,"failureMessages":[],"meta":{},"tags":[]},{"ancestorTitles":["workspace admin integration"],"fullName":"workspace admin integration returns workspace member admin summary for owners","status":"passed","title":"returns workspace member admin summary for owners","duration":2.6978329999997186,"failureMessages":[],"meta":{},"tags":[]},{"ancestorTitles":["workspace admin integration"],"fullName":"workspace admin integration rejects workspace member admin tools for members","status":"passed","title":"rejects workspace member admin tools for members","duration":1.3554589999998825,"failureMessages":[],"meta":{},"tags":[]},{"ancestorTitles":["workspace admin integration"],"fullName":"workspace admin integration exports workspace audit data for owners","status":"passed","title":"exports workspace audit data for owners","duration":1.9690830000004098,"failureMessages":[],"meta":{},"tags":[]},{"ancestorTitles":["workspace admin integration"],"fullName":"workspace admin integration rejects workspace audit export for members","status":"passed","title":"rejects workspace audit export for members","duration":0.9487500000000182,"failureMessages":[],"meta":{},"tags":[]},{"ancestorTitles":["workspace admin integration"],"fullName":"workspace admin integration returns workspace settings admin summary for owners","status":"passed","title":"returns workspace settings admin summary for owners","duration":1.3229999999998654,"failureMessages":[],"meta":{},"tags":[]},{"ancestorTitles":["workspace admin integration"],"fullName":"workspace admin integration rejects workspace settings admin tools for members","status":"passed","title":"rejects workspace settings admin tools for members","duration":1.0917919999997139,"failureMessages":[],"meta":{},"tags":[]}],"startTime":1783434048718,"endTime":1783434048745.0918,"status":"passed","message":"","name":"/Users/oleksandrsvacko/Desktop/myProjects/AI War Room (AI Council)/apps/api/src/workspaces/workspace-admin.integration.test.ts"},{"assertionResults":[{"ancestorTitles":["WorkspaceAdminService"],"fullName":"WorkspaceAdminService returns workspace member admin summary for owners","status":"passed","title":"returns workspace member admin summary for owners","duration":5.116792000000032,"failureMessages":[],"meta":{},"tags":[]},{"ancestorTitles":["WorkspaceAdminService"],"fullName":"WorkspaceAdminService rejects workspace member admin tools for members","status":"passed","title":"rejects workspace member admin tools for members","duration":1.155292000000145,"failureMessages":[],"meta":{},"tags":[]},{"ancestorTitles":["WorkspaceAdminService"],"fullName":"WorkspaceAdminService adds and removes workspace members through admin actions","status":"passed","title":"adds and removes workspace members through admin actions","duration":0.9793749999998909,"failureMessages":[],"meta":{},"tags":[]},{"ancestorTitles":["WorkspaceAdminService"],"fullName":"WorkspaceAdminService returns workspace settings admin summary for owners","status":"passed","title":"returns workspace settings admin summary for owners","duration":1.0849169999999049,"failureMessages":[],"meta":{},"tags":[]},{"ancestorTitles":["WorkspaceAdminService"],"fullName":"WorkspaceAdminService updates workspace settings through admin actions","status":"passed","title":"updates workspace settings through admin actions","duration":0.6981670000000122,"failureMessages":[],"meta":{},"tags":[]}],"startTime":1783434052896,"endTime":1783434052904.6982,"status":"passed","message":"","name":"/Users/oleksandrsvacko/Desktop/myProjects/AI War Room (AI Council)/apps/api/src/workspaces/workspace-admin.service.test.ts"},{"assertionResults":[{"ancestorTitles":["serializeWorkspaceAuditCsv"],"fullName":"serializeWorkspaceAuditCsv serializes mixed audit records into csv rows","status":"passed","title":"serializes mixed audit records into csv rows","duration":0.8781250000000114,"failureMessages":[],"meta":{},"tags":[]}],"startTime":1783434088558,"endTime":1783434088558.8782,"status":"passed","message":"","name":"/Users/oleksandrsvacko/Desktop/myProjects/AI War Room (AI Council)/apps/api/src/workspaces/workspace-audit-export.helpers.test.ts"},{"assertionResults":[{"ancestorTitles":["WorkspaceAuditService"],"fullName":"WorkspaceAuditService exports workspace audit data for owners","status":"passed","title":"exports workspace audit data for owners","duration":2.6921670000000404,"failureMessages":[],"meta":{},"tags":[]},{"ancestorTitles":["WorkspaceAuditService"],"fullName":"WorkspaceAuditService rejects workspace audit export for members","status":"passed","title":"rejects workspace audit export for members","duration":0.5415000000000418,"failureMessages":[],"meta":{},"tags":[]}],"startTime":1783434077502,"endTime":1783434077505.5415,"status":"passed","message":"","name":"/Users/oleksandrsvacko/Desktop/myProjects/AI War Room (AI Council)/apps/api/src/workspaces/workspace-audit.service.test.ts"},{"assertionResults":[{"ancestorTitles":["workspace member admin helpers"],"fullName":"workspace member admin helpers builds member admin stats","status":"passed","title":"builds member admin stats","duration":1.0238750000000039,"failureMessages":[],"meta":{},"tags":[]}],"startTime":1783434078653,"endTime":1783434078654.024,"status":"passed","message":"","name":"/Users/oleksandrsvacko/Desktop/myProjects/AI War Room (AI Council)/apps/api/src/workspaces/workspace-member-admin.helpers.test.ts"},{"assertionResults":[{"ancestorTitles":["resolveWorkspaceSettingsAdminActions"],"fullName":"resolveWorkspaceSettingsAdminActions includes reset action outside production","status":"passed","title":"includes reset action outside production","duration":0.9441249999999997,"failureMessages":[],"meta":{},"tags":[]},{"ancestorTitles":["resolveWorkspaceSettingsAdminActions"],"fullName":"resolveWorkspaceSettingsAdminActions hides reset action in production","status":"passed","title":"hides reset action in production","duration":0.09291699999999992,"failureMessages":[],"meta":{},"tags":[]},{"ancestorTitles":["getDefaultWorkspaceName"],"fullName":"getDefaultWorkspaceName builds a default workspace label from the id","status":"passed","title":"builds a default workspace label from the id","duration":0.11233299999999247,"failureMessages":[],"meta":{},"tags":[]}],"startTime":1783434086435,"endTime":1783434086436.1123,"status":"passed","message":"","name":"/Users/oleksandrsvacko/Desktop/myProjects/AI War Room (AI Council)/apps/api/src/workspaces/workspace-settings-admin.helpers.test.ts"}]}